<?xml version="1.0" encoding="UTF-8"?>
<testsuite name="org.example.devops_tp1.DevopsTp1ApplicationTests" tests="1" skipped="0" failures="0" errors="0" timestamp="2026-03-06T10:20:27.987Z" hostname="MacBook-Pro-de-Admin-3.local" time="0.894">
  <properties/>
  <testcase name="contextLoads()" classname="org.example.devops_tp1.DevopsTp1ApplicationTests" time="0.335"/>
  <system-out><![CDATA[11:20:28.046 [Test worker] INFO org.springframework.test.context.support.AnnotationConfigContextLoaderUtils -- Could not detect default configuration classes for test class [org.example.devops_tp1.DevopsTp1ApplicationTests]: DevopsTp1ApplicationTests does not declare any static, non-private, non-final, nested classes annotated with @Configuration.
11:20:28.093 [Test worker] INFO org.springframework.boot.test.context.SpringBootTestContextBootstrapper -- Found @SpringBootConfiguration org.example.devops_tp1.DevopsTp1Application for test class org.example.devops_tp1.DevopsTp1ApplicationTests

  .   ____          _            __ _ _
 /\\ / ___'_ __ _ _(_)_ __  __ _ \ \ \ \
( ( )\___ | '_ | '_| | '_ \/ _` | \ \ \ \
 \\/  ___)| |_)| | | | | || (_| |  ) ) ) )
  '  |____| .__|_| |_|_| |_\__, | / / / /
 =========|_|==============|___/=/_/_/_/

 :: Spring Boot ::                (v4.0.3)

2026-03-06T11:20:28.225+01:00  INFO 98663 --- [devops_tp1] [    Test worker] o.e.d.DevopsTp1ApplicationTests          : Starting DevopsTp1ApplicationTests using Java 25 with PID 98663 (started by theo in /Users/theo/Documents/EFREI-TPs/JAVA/devops_tp1)
2026-03-06T11:20:28.226+01:00  INFO 98663 --- [devops_tp1] [    Test worker] o.e.d.DevopsTp1ApplicationTests          : No active profile set, falling back to 1 default profile: "default"
2026-03-06T11:20:28.542+01:00  INFO 98663 --- [devops_tp1] [    Test worker] o.e.d.DevopsTp1ApplicationTests          : Started DevopsTp1ApplicationTests in 0.397 seconds (process running for 0.852)
]]></system-out>
  <system-err><![CDATA[Mockito is currently self-attaching to enable the inline-mock-maker. This will no longer work in future releases of the JDK. Please add Mockito as an agent to your build as described in Mockito's documentation: https://javadoc.io/doc/org.mockito/mockito-core/latest/org.mockito/org/mockito/Mockito.html#0.3
WARNING: A Java agent has been loaded dynamically (/Users/theo/.gradle/caches/modules-2/files-2.1/net.bytebuddy/byte-buddy-agent/1.17.8/f09415827a71be7ed621c7bd02550678f28bc81c/byte-buddy-agent-1.17.8.jar)
WARNING: If a serviceability tool is in use, please run with -XX:+EnableDynamicAgentLoading to hide this warning
WARNING: If a serviceability tool is not in use, please run with -Djdk.instrument.traceUsage for more information
WARNING: Dynamic loading of agents will be disallowed by default in a future release
]]></system-err>
</testsuite>
